<?xml version="1.0" encoding="UTF-8"?>
<!-- Generated by org.testng.reporters.JUnitReportReporter -->
<testsuite hostname="DESKTOP-HHJM1NL" failures="0" tests="1" name="amazon.SearchProductTest" time="10.164" errors="0" timestamp="27 Nov 2024 14:03:40 GMT" skipped="0">
  <testcase classname="amazon.SearchProductTest" name="SelectproductTEST" time="10.164"/>
</testsuite> <!-- amazon.SearchProductTest -->
